warning: Git tree '/home/cloudgenius/nixos-config' is dirty
building the system configuration...
warning: Git tree '/home/cloudgenius/nixos-config' is dirty
these 15 derivations will be built:
  /nix/store/pxvf0bpyk9gdhbak9dvwl0mxbl8dh9c5-system-path.drv
  /nix/store/zy8xqq062g9xf8a14606b6ganc9nx17b-dbus-1.drv
  /nix/store/q9jh6ll03z8a90sbj0j08vwrjrms2p4d-X-Restart-Triggers-dbus.drv
  /nix/store/k5rrd69xlq4illv3zbxwvxg8nj0k32b4-unit-dbus.service.drv
  /nix/store/2y4dkaqwsgmp46x2qx28k7bkbgb0skl1-user-units.drv
  /nix/store/3whh8s1cvsryx6sjbzwbcnah0iq0h7z8-etc-pam-environment.drv
  /nix/store/7k4lmkismv52xbkgdda3va69bjkmz3kg-set-environment.drv
  /nix/store/p10bgsgria4gcnr3rzhkw10brg4jcn3p-etc-profile.drv
  /nix/store/r76x58yl1jfiijsij139q4lkgf2kvbgl-X-Restart-Triggers-polkit.drv
  /nix/store/7qg7gzpjz6vlvw0kd1dc3b0jfvg1pasj-unit-polkit.service.drv
  /nix/store/hclvhkyhfc79ap6bghz47l96c5qk4bs3-unit-accounts-daemon.service.drv
  /nix/store/mgga4n1wpdrj2z6pasp7qzl0lnx98f25-unit-dbus.service.drv
  /nix/store/q9riijxf2z4d4zn45v7cchipszhfvdyh-system-units.drv
  /nix/store/inr9v84ykwm0nf4nrcz0z2v77i523b0h-etc.drv
  /nix/store/123gqd1xlxnixd4c3y8hg47f1mik8bdd-nixos-system-venus-24.11.20250428.330d0a4.drv
building '/nix/store/pxvf0bpyk9gdhbak9dvwl0mxbl8dh9c5-system-path.drv'...
building '/nix/store/r76x58yl1jfiijsij139q4lkgf2kvbgl-X-Restart-Triggers-polkit.drv'...
building '/nix/store/zy8xqq062g9xf8a14606b6ganc9nx17b-dbus-1.drv'...
building '/nix/store/3whh8s1cvsryx6sjbzwbcnah0iq0h7z8-etc-pam-environment.drv'...
building '/nix/store/7k4lmkismv52xbkgdda3va69bjkmz3kg-set-environment.drv'...
building '/nix/store/hclvhkyhfc79ap6bghz47l96c5qk4bs3-unit-accounts-daemon.service.drv'...
building '/nix/store/q9jh6ll03z8a90sbj0j08vwrjrms2p4d-X-Restart-Triggers-dbus.drv'...
building '/nix/store/p10bgsgria4gcnr3rzhkw10brg4jcn3p-etc-profile.drv'...
building '/nix/store/7qg7gzpjz6vlvw0kd1dc3b0jfvg1pasj-unit-polkit.service.drv'...
building '/nix/store/k5rrd69xlq4illv3zbxwvxg8nj0k32b4-unit-dbus.service.drv'...
building '/nix/store/mgga4n1wpdrj2z6pasp7qzl0lnx98f25-unit-dbus.service.drv'...
building '/nix/store/2y4dkaqwsgmp46x2qx28k7bkbgb0skl1-user-units.drv'...
building '/nix/store/q9riijxf2z4d4zn45v7cchipszhfvdyh-system-units.drv'...
building '/nix/store/inr9v84ykwm0nf4nrcz0z2v77i523b0h-etc.drv'...
building '/nix/store/123gqd1xlxnixd4c3y8hg47f1mik8bdd-nixos-system-venus-24.11.20250428.330d0a4.drv'...
stopping the following units: accounts-daemon.service
activating the configuration...
setting up /etc...
removing obsolete symlink ‘/etc/firefox/policies/policies.json’...
reloading user units for cloudgenius...
restarting sysinit-reactivation.target
reloading the following units: dbus.service
restarting the following units: polkit.service
starting the following units: accounts-daemon.service
